<?xml version="1.0" encoding="UTF-8"?>
<!-- Generated by org.testng.reporters.JUnitReportReporter -->
<testsuite hostname="Tasmia" failures="0" tests="1" name="Webdriver_FrameWork.Selenium_FrameWork_design.TestPage" time="9.844" errors="0" timestamp="2024-02-15T13:32:09 EST" skipped="0">
  <testcase classname="Webdriver_FrameWork.Selenium_FrameWork_design.TestPage" name="valid_Reg" time="9.844"/>
  <system-out/>
</testsuite> <!-- Webdriver_FrameWork.Selenium_FrameWork_design.TestPage -->
